# JRE version: Java(TM) SE Runtime Environment 18.9 (11.0.23+7) (build 11.0.23+7-LTS-222)
# Java VM: Java HotSpot(TM) 64-Bit Server VM 18.9 (11.0.23+7-LTS-222, mixed mode, tiered, compressed oops, g1 gc, windows-amd64)
Heap:
 garbage-first heap   total 260096K, used 66811K [0x0000000080000000, 0x0000000100000000)
  region size 1024K, 49 young (50176K), 2 survivors (2048K)
 Metaspace       used 27619K, capacity 28362K, committed 28464K, reserved 548864K
  class space    used 3617K, capacity 3898K, committed 3968K, reserved 516096K
GC Heap History (6 events):
Event: 3.550 GC heap before
{Heap before GC invocations=0 (full 0):
 garbage-first heap   total 260096K, used 27648K [0x0000000080000000, 0x0000000100000000)
  region size 1024K, 24 young (24576K), 0 survivors (0K)
 Metaspace       used 9613K, capacity 9816K, committed 10112K, reserved 534528K
  class space    used 993K, capacity 1064K, committed 1152K, reserved 516096K
}
Event: 3.677 GC heap after
{Heap after GC invocations=1 (full 0):
 garbage-first heap   total 260096K, used 10420K [0x0000000080000000, 0x0000000100000000)
  region size 1024K, 3 young (3072K), 3 survivors (3072K)
 Metaspace       used 9613K, capacity 9816K, committed 10112K, reserved 534528K
  class space    used 993K, capacity 1064K, committed 1152K, reserved 516096K
}
Event: 13.118 GC heap before
{Heap before GC invocations=1 (full 0):
 garbage-first heap   total 260096K, used 101556K [0x0000000080000000, 0x0000000100000000)
  region size 1024K, 92 young (94208K), 3 survivors (3072K)
 Metaspace       used 20720K, capacity 21137K, committed 21296K, reserved 544768K
  class space    used 2492K, capacity 2636K, committed 2688K, reserved 516096K
}
Event: 13.136 GC heap after
{Heap after GC invocations=2 (full 0):
 garbage-first heap   total 260096K, used 18374K [0x0000000080000000, 0x0000000100000000)
  region size 1024K, 11 young (11264K), 11 survivors (11264K)
 Metaspace       used 20720K, capacity 21137K, committed 21296K, reserved 544768K
  class space    used 2492K, capacity 2636K, committed 2688K, reserved 516096K
}
Event: 14.445 GC heap before
{Heap before GC invocations=3 (full 0):
 garbage-first heap   total 260096K, used 43974K [0x0000000080000000, 0x0000000100000000)
  region size 1024K, 36 young (36864K), 11 survivors (11264K)
 Metaspace       used 23385K, capacity 23959K, committed 24112K, reserved 546816K
  class space    used 2920K, capacity 3128K, committed 3200K, reserved 516096K
}
Event: 14.453 GC heap after
{Heap after GC invocations=4 (full 0):
 garbage-first heap   total 260096K, used 19707K [0x0000000080000000, 0x0000000100000000)
  region size 1024K, 2 young (2048K), 2 survivors (2048K)
 Metaspace       used 23385K, capacity 23959K, committed 24112K, reserved 546816K
  class space    used 2920K, capacity 3128K, committed 3200K, reserved 516096K
}

